<?xml version="1.0" encoding="UTF-8"?>
<testsuite xmlns:xsi="http://www.w3.org/2001/XMLSchema-instance" xsi:noNamespaceSchemaLocation="https://maven.apache.org/surefire/maven-surefire-plugin/xsd/surefire-test-report.xsd" name="ImageHoster.controller.UserControllerTest" time="0.609" tests="6" errors="0" skipped="0" failures="1">
  <properties>
[...]
</properties>
  <testcase name="signupWithCorrectPasswordType" classname="ImageHoster.controller.UserControllerTest" time="0.14">
    <failure message="View name expected:&lt;users/login&gt; but was:&lt;users/registration&gt;" type="java.lang.AssertionError"><![CDATA[java.lang.AssertionError: View name expected:<users/login> but was:<users/registration>
	at ImageHoster.controller.UserControllerTest.signupWithCorrectPasswordType(UserControllerTest.java:87)
]]></failure>
    <system-out><![CDATA[2020-10-26 20:31:58.316  INFO 8792 --- [           main] .b.t.a.w.s.WebMvcTestContextBootstrapper : Neither @ContextConfiguration nor @ContextHierarchy found for test class [ImageHoster.controller.UserControllerTest], using SpringBootContextLoader
2020-10-26 20:31:58.316  INFO 8792 --- [           main] o.s.t.c.support.AbstractContextLoader    : Could not detect default resource locations for test class [ImageHoster.controller.UserControllerTest]: no resource found for suffixes {-context.xml, Context.groovy}.
2020-10-26 20:31:58.316  INFO 8792 --- [           main] t.c.s.AnnotationConfigContextLoaderUtils : Could not detect default configuration classes for test class [ImageHoster.controller.UserControllerTest]: UserControllerTest does not declare any static, non-private, non-final, nested classes annotated with @Configuration.
2020-10-26 20:31:58.316  INFO 8792 --- [           main] .b.t.c.SpringBootTestContextBootstrapper : Found @SpringBootConfiguration ImageHoster.ImageHosterApplication for test class ImageHoster.controller.UserControllerTest
2020-10-26 20:31:58.316  INFO 8792 --- [           main] .b.t.a.w.s.WebMvcTestContextBootstrapper : Loaded default TestExecutionListener class names from location [META-INF/spring.factories]: [org.springframework.boot.test.mock.mockito.MockitoTestExecutionListener, org.springframework.boot.test.mock.mockito.ResetMocksTestExecutionListener, org.springframework.boot.test.autoconfigure.restdocs.RestDocsTestExecutionListener, org.springframework.boot.test.autoconfigure.web.client.MockRestServiceServerResetTestExecutionListener, org.springframework.boot.test.autoconfigure.web.servlet.MockMvcPrintOnlyOnFailureTestExecutionListener, org.springframework.boot.test.autoconfigure.web.servlet.WebDriverTestExecutionListener, org.springframework.test.context.web.ServletTestExecutionListener, org.springframework.test.context.support.DirtiesContextBeforeModesTestExecutionListener, org.springframework.test.context.support.DependencyInjectionTestExecutionListener, org.springframework.test.context.support.DirtiesContextTestExecutionListener, org.springframework.test.context.transaction.TransactionalTestExecutionListener, org.springframework.test.context.jdbc.SqlScriptsTestExecutionListener]
2020-10-26 20:31:58.316  INFO 8792 --- [           main] .b.t.a.w.s.WebMvcTestContextBootstrapper : Using TestExecutionListeners: [org.springframework.test.context.web.ServletTestExecutionListener@7cd177, org.springframework.test.context.support.DirtiesContextBeforeModesTestExecutionListener@4b6a56, org.springframework.boot.test.mock.mockito.MockitoTestExecutionListener@1d54b3, org.springframework.boot.test.autoconfigure.SpringBootDependencyInjectionTestExecutionListener@1f40ca0, org.springframework.test.context.support.DirtiesContextTestExecutionListener@1ad8ec0, org.springframework.test.context.transaction.TransactionalTestExecutionListener@dd44f9, org.springframework.test.context.jdbc.SqlScriptsTestExecutionListener@cd341d, org.springframework.boot.test.mock.mockito.ResetMocksTestExecutionListener@11fb828, org.springframework.boot.test.autoconfigure.restdocs.RestDocsTestExecutionListener@e5f485, org.springframework.boot.test.autoconfigure.web.client.MockRestServiceServerResetTestExecutionListener@d19f2c, org.springframework.boot.test.autoconfigure.web.servlet.MockMvcPrintOnlyOnFailureTestExecutionListener@1592af7, org.springframework.boot.test.autoconfigure.web.servlet.WebDriverTestExecutionListener@1b5148c]

  .   ____          _            __ _ _
 /\\ / ___'_ __ _ _(_)_ __  __ _ \ \ \ \
( ( )\___ | '_ | '_| | '_ \/ _` | \ \ \ \
 \\/  ___)| |_)| | | | | || (_| |  ) ) ) )
  '  |____| .__|_| |_|_| |_\__, | / / / /
 =========|_|==============|___/=/_/_/_/
 :: Spring Boot ::        (v2.0.5.RELEASE)

2020-10-26 20:31:58.332  INFO 8792 --- [           main] I.controller.UserControllerTest          : Starting UserControllerTest on LAPTOP-1HCDU6IL with PID 8792 (started by apoor in D:\ImageHoster_assignment_stub\ImageHoster)
2020-10-26 20:31:58.332  INFO 8792 --- [           main] I.controller.UserControllerTest          : No active profile set, falling back to default profiles: default
2020-10-26 20:31:58.332  INFO 8792 --- [           main] o.s.w.c.s.GenericWebApplicationContext   : Refreshing org.springframework.web.context.support.GenericWebApplicationContext@1a8c9c9: startup date [Mon Oct 26 20:31:58 IST 2020]; root of context hierarchy
2020-10-26 20:31:58.550  INFO 8792 --- [           main] o.s.w.s.handler.SimpleUrlHandlerMapping  : Mapped URL path [/**/favicon.ico] onto handler of type [class org.springframework.web.servlet.resource.ResourceHttpRequestHandler]
2020-10-26 20:31:58.644  INFO 8792 --- [           main] s.w.s.m.m.a.RequestMappingHandlerAdapter : Looking for @ControllerAdvice: org.springframework.web.context.support.GenericWebApplicationContext@1a8c9c9: startup date [Mon Oct 26 20:31:58 IST 2020]; root of context hierarchy
2020-10-26 20:31:58.644  INFO 8792 --- [           main] s.w.s.m.m.a.RequestMappingHandlerMapping : Mapped "{[/users/login],methods=[POST]}" onto public java.lang.String ImageHoster.controller.UserController.loginUser(ImageHoster.model.User,javax.servlet.http.HttpSession)
2020-10-26 20:31:58.644  INFO 8792 --- [           main] s.w.s.m.m.a.RequestMappingHandlerMapping : Mapped "{[/users/registration],methods=[POST]}" onto public java.lang.String ImageHoster.controller.UserController.registerUser(ImageHoster.model.User,org.springframework.ui.Model)
2020-10-26 20:31:58.644  INFO 8792 --- [           main] s.w.s.m.m.a.RequestMappingHandlerMapping : Mapped "{[/users/registration]}" onto public java.lang.String ImageHoster.controller.UserController.registration(org.springframework.ui.Model)
2020-10-26 20:31:58.644  INFO 8792 --- [           main] s.w.s.m.m.a.RequestMappingHandlerMapping : Mapped "{[/users/login]}" onto public java.lang.String ImageHoster.controller.UserController.login()
2020-10-26 20:31:58.644  INFO 8792 --- [           main] s.w.s.m.m.a.RequestMappingHandlerMapping : Mapped "{[/users/logout],methods=[POST]}" onto public java.lang.String ImageHoster.controller.UserController.logout(org.springframework.ui.Model,javax.servlet.http.HttpSession)
2020-10-26 20:31:58.644  INFO 8792 --- [           main] s.w.s.m.m.a.RequestMappingHandlerMapping : Mapped "{[/error]}" onto public org.springframework.http.ResponseEntity<java.util.Map<java.lang.String, java.lang.Object>> org.springframework.boot.autoconfigure.web.servlet.error.BasicErrorController.error(javax.servlet.http.HttpServletRequest)
2020-10-26 20:31:58.660  INFO 8792 --- [           main] s.w.s.m.m.a.RequestMappingHandlerMapping : Mapped "{[/error],produces=[text/html]}" onto public org.springframework.web.servlet.ModelAndView org.springframework.boot.autoconfigure.web.servlet.error.BasicErrorController.errorHtml(javax.servlet.http.HttpServletRequest,javax.servlet.http.HttpServletResponse)
2020-10-26 20:31:58.675  INFO 8792 --- [           main] o.s.w.s.handler.SimpleUrlHandlerMapping  : Mapped URL path [/webjars/**] onto handler of type [class org.springframework.web.servlet.resource.ResourceHttpRequestHandler]
2020-10-26 20:31:58.675  INFO 8792 --- [           main] o.s.w.s.handler.SimpleUrlHandlerMapping  : Mapped URL path [/**] onto handler of type [class org.springframework.web.servlet.resource.ResourceHttpRequestHandler]
2020-10-26 20:31:58.722  INFO 8792 --- [           main] o.s.b.a.w.s.WelcomePageHandlerMapping    : Adding welcome page template: index
2020-10-26 20:31:58.753  INFO 8792 --- [           main] o.s.b.t.m.w.SpringBootMockServletContext : Initializing Spring FrameworkServlet ''
2020-10-26 20:31:58.753  INFO 8792 --- [           main] o.s.t.web.servlet.TestDispatcherServlet  : FrameworkServlet '': initialization started
2020-10-26 20:31:58.753  INFO 8792 --- [           main] o.s.t.web.servlet.TestDispatcherServlet  : FrameworkServlet '': initialization completed in 0 ms
2020-10-26 20:31:58.769  INFO 8792 --- [           main] I.controller.UserControllerTest          : Started UserControllerTest in 0.453 seconds (JVM running for 5.209)

MockHttpServletRequest:
      HTTP Method = POST
      Request URI = /users/registration
       Parameters = {}
          Headers = {}
             Body = <no character encoding set>
    Session Attrs = {}

Handler:
             Type = ImageHoster.controller.UserController
           Method = public java.lang.String ImageHoster.controller.UserController.registerUser(ImageHoster.model.User,org.springframework.ui.Model)

Async:
    Async started = false
     Async result = null

Resolved Exception:
             Type = null

ModelAndView:
        View name = users/registration
             View = null
        Attribute = user
            value = ImageHoster.model.User@c4a3aa
           errors = []
        Attribute = User
            value = ImageHoster.model.User@c4a3aa
           errors = []
        Attribute = passwordTypeError
            value = Password must contain atleast 1 alphabet, 1 number & 1 special character

FlashMap:
       Attributes = null

MockHttpServletResponse:
           Status = 200
    Error message = null
          Headers = {Content-Language=[en], Content-Type=[text/html;charset=UTF-8]}
     Content type = text/html;charset=UTF-8
             Body = <!Doctype html>

<html>

<!-- Adding the fragment site-head in layout.html-->
<head>
    <title>Spring MVC Application - Image Hoster</title>
</head>

<!-- Adding the fragment logged-out in layout.html-->

    <header>
        <a href="/users/login">Login</a>
        <a href="/users/registration">Registration</a>
    </header>


<h2>Please Register:</h2>

<!-- Get the details of the user to be registered and call the controller method mapped with request pattern '/users/registration' and accepting the request of type POST-->
<form action="/users/registration" method="POST">

    <label for="username">Username:</label>
    <input type="text" id="username" name="username" value="Abhi"/>

    <label for="password">Password:</label>
    <input type="password" id="password" name="password" value=""/>

    <label for="fullname">Full Name:</label>
    <input type="text" id="fullname" name="profile.fullName" value=""/>

    <label for="emailaddress">Email Address:</label>
    <input type="text" id="emailaddress" name="profile.emailAddress" value=""/>

    <label for="mobilenumber">Mobile Number:</label>
    <input type="text" id="mobilenumber" name="profile.mobileNumber" value=""/>

    <input type="submit" value="Register"/>


    <!--Show the password type error if the password does not contain atleast 1 alphabet, 1 number & 1 special character-->
    <div>Password must contain atleast 1 alphabet, 1 number & 1 special character</div>
</form>

</html>
    Forwarded URL = null
   Redirected URL = null
          Cookies = []
]]></system-out>
  </testcase>
  <testcase name="logout" classname="ImageHoster.controller.UserControllerTest" time="0"/>
  <testcase name="signinWithGetRequest" classname="ImageHoster.controller.UserControllerTest" time="0"/>
  <testcase name="signupWithWrongPasswordType" classname="ImageHoster.controller.UserControllerTest" time="0"/>
  <testcase name="signupWithGetRequest" classname="ImageHoster.controller.UserControllerTest" time="0"/>
  <testcase name="signinWithWrongCredentials" classname="ImageHoster.controller.UserControllerTest" time="0"/>
</testsuite>